<?xml version="1.0" encoding="UTF-8"?>
<!-- Generated by org.testng.reporters.JUnitReportReporter -->
<testsuite hostname="DESKTOP-EADFCU8" failures="0" tests="5" name="runner.TestRunner" time="52.886" errors="0" timestamp="2025-01-16T16:21:27 IST" skipped="0">
  <testcase classname="runner.TestRunner" name="runScenario" time="10.522"/>
  <testcase classname="runner.TestRunner" name="runScenario" time="10.799"/>
  <testcase classname="runner.TestRunner" name="runScenario" time="10.610"/>
  <testcase classname="runner.TestRunner" name="runScenario" time="10.936"/>
  <testcase classname="runner.TestRunner" name="runScenario" time="10.019"/>
</testsuite> <!-- runner.TestRunner -->
